[18:38:51] [Client thread/INFO]: Setting user: Player10
[18:38:53] [Client thread/WARN]: Skipping bad option: lastServer:
[18:38:53] [Client thread/INFO]: LWJGL Version: 2.9.4
[18:38:56] [Client thread/INFO]: Reloading ResourceManager: Default, FMLFileResourcePack:Forge Mod Loader, FMLFileResourcePack:Minecraft Forge, FMLFileResourcePack:TouchControls
[18:38:56] [Sound Library Loader/INFO]: Starting up SoundSystem...
[18:38:57] [Thread-12/INFO]: Initializing LWJGL OpenAL
[18:38:57] [Thread-12/INFO]: (The LWJGL binding of OpenAL.  For more information, see http://www.lwjgl.org)
[18:38:57] [Thread-12/INFO]: OpenAL initialized.
[18:38:57] [Sound Library Loader/INFO]: Sound engine started
[18:38:58] [Client thread/INFO]: Created: 16x16 textures-atlas
[18:38:58] [Client thread/INFO]: Reloading ResourceManager: Default, FMLFileResourcePack:Forge Mod Loader, FMLFileResourcePack:Minecraft Forge, FMLFileResourcePack:TouchControls
[18:38:59] [Client thread/INFO]: SoundSystem shutting down...
[18:38:59] [Client thread/WARN]: Author: Paul Lamb, www.paulscode.com
[18:38:59] [Sound Library Loader/INFO]: Starting up SoundSystem...
[18:38:59] [Thread-14/INFO]: Initializing LWJGL OpenAL
[18:38:59] [Thread-14/INFO]: (The LWJGL binding of OpenAL.  For more information, see http://www.lwjgl.org)
[18:38:59] [Thread-14/INFO]: OpenAL initialized.
[18:38:59] [Sound Library Loader/INFO]: Sound engine started
[18:39:00] [Client thread/INFO]: Created: 512x512 textures-atlas
[18:39:00] [Client thread/WARN]: Skipping bad option: lastServer:
[18:39:01] [Realms Notification Availability checker #1/INFO]: Could not authorize you against Realms server: Invalid session id
[18:39:02] [Server thread/INFO]: Starting integrated minecraft server version 1.11.2
[18:39:02] [Server thread/INFO]: Generating keypair
[18:39:03] [Server thread/INFO]: Preparing start region for level 0
[18:39:04] [Server thread/INFO]: Changing view distance to 12, from 10
[18:39:05] [Server thread/INFO]: Player10[local:E:7e5d82d9] logged in with entity id 116 at (-135.89476259391466, 65.0, -246.24415382260642)
[18:39:05] [Server thread/INFO]: Player10 joined the game
[18:39:06] [Server thread/INFO]: Saving and pausing game...
[18:39:06] [Server thread/INFO]: Saving chunks for level 'New World'/Overworld
[18:39:06] [Server thread/INFO]: Saving chunks for level 'New World'/Nether
[18:39:06] [Server thread/INFO]: Saving chunks for level 'New World'/The End
[18:39:06] [Client thread/INFO]: [STDOUT]: Queue Enabled
[18:39:06] [pool-2-thread-1/WARN]: Couldn't look up profile properties for com.mojang.authlib.GameProfile@15c5be52[id=a63f2212-89e7-3508-92f3-b41a096e71fa,name=Player10,properties={},legacy=false]
com.mojang.authlib.exceptions.AuthenticationException: The client has sent too many requests within a certain amount of time
	at com.mojang.authlib.yggdrasil.YggdrasilAuthenticationService.makeRequest(YggdrasilAuthenticationService.java:79) ~[YggdrasilAuthenticationService.class:?]
	at com.mojang.authlib.yggdrasil.YggdrasilMinecraftSessionService.fillGameProfile(YggdrasilMinecraftSessionService.java:180) [YggdrasilMinecraftSessionService.class:?]
	at com.mojang.authlib.yggdrasil.YggdrasilMinecraftSessionService$1.load(YggdrasilMinecraftSessionService.java:60) [YggdrasilMinecraftSessionService$1.class:?]
	at com.mojang.authlib.yggdrasil.YggdrasilMinecraftSessionService$1.load(YggdrasilMinecraftSessionService.java:57) [YggdrasilMinecraftSessionService$1.class:?]
	at com.google.common.cache.LocalCache$LoadingValueReference.loadFuture(LocalCache.java:3524) [guava-17.0.jar:?]
	at com.google.common.cache.LocalCache$Segment.loadSync(LocalCache.java:2317) [guava-17.0.jar:?]
	at com.google.common.cache.LocalCache$Segment.lockedGetOrLoad(LocalCache.java:2280) [guava-17.0.jar:?]
	at com.google.common.cache.LocalCache$Segment.get(LocalCache.java:2195) [guava-17.0.jar:?]
	at com.google.common.cache.LocalCache.get(LocalCache.java:3934) [guava-17.0.jar:?]
	at com.google.common.cache.LocalCache.getOrLoad(LocalCache.java:3938) [guava-17.0.jar:?]
	at com.google.common.cache.LocalCache$LocalLoadingCache.get(LocalCache.java:4821) [guava-17.0.jar:?]
	at com.google.common.cache.LocalCache$LocalLoadingCache.getUnchecked(LocalCache.java:4827) [guava-17.0.jar:?]
	at com.mojang.authlib.yggdrasil.YggdrasilMinecraftSessionService.fillProfileProperties(YggdrasilMinecraftSessionService.java:170) [YggdrasilMinecraftSessionService.class:?]
	at net.minecraft.client.Minecraft.getProfileProperties(Minecraft.java:3056) [Minecraft.class:?]
	at net.minecraft.client.resources.SkinManager$3.run(SkinManager.java:138) [SkinManager$3.class:?]
	at java.util.concurrent.Executors$RunnableAdapter.call(Executors.java:511) [?:1.8.0_161]
	at java.util.concurrent.FutureTask.run(FutureTask.java:266) [?:1.8.0_161]
	at java.util.concurrent.ThreadPoolExecutor.runWorker(ThreadPoolExecutor.java:1149) [?:1.8.0_161]
	at java.util.concurrent.ThreadPoolExecutor$Worker.run(ThreadPoolExecutor.java:624) [?:1.8.0_161]
	at java.lang.Thread.run(Thread.java:748) [?:1.8.0_161]
[18:39:13] [Client thread/INFO]: [STDOUT]: onMouseUp: 0
[18:39:14] [Client thread/INFO]: [STDOUT]: onMouseUp: 0
[18:39:14] [Client thread/INFO]: [STDOUT]: Queue Disabled
[18:39:21] [Client thread/INFO]: [STDOUT]: onMouseUp: 0
[18:39:21] [Client thread/INFO]: [STDOUT]: onButtonPush
[18:39:22] [Client thread/INFO]: [STDOUT]: onMouseUp: 0
[18:39:22] [Client thread/INFO]: [STDOUT]: onButtonPush
[18:39:22] [Client thread/INFO]: [STDOUT]: onMouseUp: 0
[18:39:22] [Client thread/INFO]: [STDOUT]: onButtonPush
[18:39:22] [Client thread/INFO]: [STDOUT]: onMouseUp: 0
[18:39:22] [Client thread/INFO]: [STDOUT]: onButtonPush
[18:39:23] [Client thread/INFO]: [STDOUT]: onMouseUp: 0
[18:39:23] [Client thread/INFO]: [STDOUT]: onButtonPush
[18:39:23] [Client thread/INFO]: [STDOUT]: onMouseUp: 0
[18:39:23] [Client thread/INFO]: [STDOUT]: onButtonPush
[18:39:23] [Client thread/INFO]: [STDOUT]: onMouseUp: 0
[18:39:23] [Client thread/INFO]: [STDOUT]: onButtonPush
[18:39:24] [Client thread/INFO]: [STDOUT]: onMouseUp: 0
[18:39:24] [Client thread/INFO]: [STDOUT]: onButtonPush
[18:39:24] [Client thread/INFO]: [STDOUT]: onMouseUp: 0
[18:39:24] [Client thread/INFO]: [STDOUT]: onMouseUp: 0
[18:39:24] [Client thread/INFO]: [STDOUT]: onButtonPush
[18:39:24] [Client thread/INFO]: [STDOUT]: onMouseUp: 0
[18:39:24] [Client thread/INFO]: [STDOUT]: onButtonPush
[18:39:25] [Client thread/INFO]: [STDOUT]: onMouseUp: 0
[18:39:25] [Client thread/INFO]: [STDOUT]: onButtonPush
[18:39:25] [Client thread/INFO]: [STDOUT]: onMouseUp: 0
[18:39:25] [Client thread/INFO]: [STDOUT]: onMouseUp: 0
[18:39:25] [Client thread/INFO]: [STDOUT]: onButtonPush
[18:39:25] [Client thread/INFO]: [STDOUT]: onMouseUp: 0
[18:39:25] [Client thread/INFO]: [STDOUT]: onMouseUp: 0
[18:39:25] [Client thread/INFO]: [STDOUT]: onButtonPush
[18:39:25] [Client thread/INFO]: [STDOUT]: onMouseUp: 0
[18:39:25] [Client thread/INFO]: [STDOUT]: onMouseUp: 0
[18:39:25] [Client thread/INFO]: [STDOUT]: onButtonPush
[18:39:25] [Client thread/INFO]: [STDOUT]: onMouseUp: 0
[18:39:26] [Client thread/INFO]: [STDOUT]: onMouseUp: 0
[18:39:26] [Client thread/INFO]: [STDOUT]: onMouseUp: 0
[18:39:26] [Client thread/INFO]: [STDOUT]: onButtonPush
[18:39:26] [Client thread/INFO]: [STDOUT]: onMouseUp: 0
[18:39:26] [Client thread/INFO]: [STDOUT]: onButtonPush
[18:39:26] [Client thread/INFO]: [STDOUT]: onMouseUp: 0
[18:39:26] [Client thread/INFO]: [STDOUT]: onButtonPush
[18:39:26] [Client thread/INFO]: [STDOUT]: onMouseUp: 0
[18:39:26] [Client thread/INFO]: [STDOUT]: onButtonPush
[18:39:27] [Client thread/INFO]: [STDOUT]: onMouseUp: 0
[18:39:27] [Client thread/INFO]: [STDOUT]: onMouseUp: 0
[18:39:27] [Client thread/INFO]: [STDOUT]: onButtonPush
[18:39:27] [Client thread/INFO]: [STDOUT]: onMouseUp: 0
[18:39:27] [Client thread/INFO]: [STDOUT]: onButtonPush
[18:39:27] [Client thread/INFO]: [STDOUT]: onMouseUp: 0
[18:39:27] [Client thread/INFO]: [STDOUT]: onButtonPush
[18:39:28] [Client thread/INFO]: [STDOUT]: onMouseUp: 0
[18:39:28] [Client thread/INFO]: [STDOUT]: onButtonPush
[18:39:28] [Client thread/INFO]: [STDOUT]: onMouseUp: 0
[18:39:28] [Client thread/INFO]: [STDOUT]: onButtonPush
[18:39:29] [Client thread/INFO]: [STDOUT]: onMouseUp: 0
[18:39:29] [Client thread/INFO]: [STDOUT]: onButtonPush
[18:39:30] [Client thread/INFO]: [STDOUT]: onMouseUp: 0
[18:39:30] [Client thread/INFO]: [STDOUT]: onButtonPush
[18:39:30] [Client thread/INFO]: [STDOUT]: onMouseUp: 0
[18:39:30] [Client thread/INFO]: [STDOUT]: onButtonPush
[18:39:30] [Client thread/INFO]: [STDOUT]: onMouseUp: 0
[18:39:30] [Client thread/INFO]: [STDOUT]: onMouseUp: 0
[18:39:30] [Client thread/INFO]: [STDOUT]: onButtonPush
[18:39:31] [Client thread/INFO]: [STDOUT]: onMouseUp: 0
[18:39:31] [Client thread/INFO]: [STDOUT]: onButtonPush
[18:39:31] [Client thread/INFO]: [STDOUT]: onMouseUp: 0
[18:39:31] [Client thread/INFO]: [STDOUT]: onMouseUp: 0
[18:39:31] [Client thread/INFO]: [STDOUT]: onButtonPush
[18:39:31] [Client thread/INFO]: [STDOUT]: onMouseUp: 0
[18:39:31] [Client thread/INFO]: [STDOUT]: onButtonPush
[18:39:31] [Client thread/INFO]: [STDOUT]: onMouseUp: 0
[18:39:31] [Client thread/INFO]: [STDOUT]: onButtonPush
[18:39:32] [Client thread/INFO]: [STDOUT]: onMouseUp: 0
[18:39:32] [Client thread/INFO]: [STDOUT]: onButtonPush
[18:39:32] [Client thread/INFO]: [STDOUT]: onMouseUp: 0
[18:39:32] [Client thread/INFO]: [STDOUT]: onButtonPush
[18:39:32] [Client thread/INFO]: [STDOUT]: onMouseUp: 0
[18:39:32] [Client thread/INFO]: [STDOUT]: onButtonPush
[18:39:33] [Client thread/INFO]: [STDOUT]: onMouseUp: 0
[18:39:33] [Client thread/INFO]: [STDOUT]: onButtonPush
[18:39:33] [Client thread/INFO]: [STDOUT]: onMouseUp: 0
[18:39:33] [Client thread/INFO]: [STDOUT]: onButtonPush
[18:39:33] [Client thread/INFO]: [STDOUT]: onMouseUp: 0
[18:39:33] [Client thread/INFO]: [STDOUT]: onButtonPush
[18:39:34] [Client thread/INFO]: [STDOUT]: onMouseUp: 0
[18:39:34] [Client thread/INFO]: [STDOUT]: onButtonPush
[18:39:34] [Client thread/INFO]: [STDOUT]: onMouseUp: 0
[18:39:34] [Client thread/INFO]: [STDOUT]: onMouseUp: 0
[18:39:34] [Client thread/INFO]: [STDOUT]: onButtonPush
[18:39:34] [Client thread/INFO]: [STDOUT]: onMouseUp: 0
[18:39:34] [Client thread/INFO]: [STDOUT]: onButtonPush
[18:39:34] [Client thread/INFO]: [STDOUT]: onMouseUp: 0
[18:39:34] [Client thread/INFO]: [STDOUT]: onMouseUp: 0
[18:39:34] [Client thread/INFO]: [STDOUT]: onButtonPush
[18:39:34] [Client thread/INFO]: [STDOUT]: onMouseUp: 0
[18:39:34] [Client thread/INFO]: [STDOUT]: onButtonPush
[18:39:35] [Client thread/INFO]: [STDOUT]: onMouseUp: 0
[18:39:35] [Client thread/INFO]: [STDOUT]: onButtonPush
[18:39:35] [Client thread/INFO]: [STDOUT]: onMouseUp: 0
[18:39:35] [Client thread/INFO]: [STDOUT]: onButtonPush
[18:39:36] [Client thread/INFO]: [STDOUT]: onMouseUp: 0
[18:39:36] [Client thread/INFO]: [STDOUT]: onButtonPush
[18:39:36] [Client thread/INFO]: [STDOUT]: onMouseUp: 0
[18:39:36] [Client thread/INFO]: [STDOUT]: onButtonPush
[18:39:37] [Client thread/INFO]: [STDOUT]: onMouseUp: 0
[18:39:37] [Client thread/INFO]: [STDOUT]: onButtonPush
[18:39:37] [Client thread/INFO]: [STDOUT]: onMouseUp: 0
[18:39:37] [Client thread/INFO]: [STDOUT]: onButtonPush
[18:39:37] [Client thread/INFO]: [STDOUT]: onMouseUp: 0
[18:39:37] [Client thread/INFO]: [STDOUT]: onButtonPush
[18:39:37] [Client thread/INFO]: [STDOUT]: onMouseUp: 0
[18:39:37] [Client thread/INFO]: [STDOUT]: onMouseUp: 0
[18:39:37] [Client thread/INFO]: [STDOUT]: onButtonPush
[18:39:37] [Client thread/INFO]: [STDOUT]: onMouseUp: 0
[18:39:37] [Client thread/INFO]: [STDOUT]: onButtonPush
[18:39:39] [Client thread/INFO]: [STDOUT]: onMouseUp: 0
[18:39:39] [Client thread/INFO]: [STDOUT]: onButtonPush
[18:39:40] [Client thread/INFO]: [STDOUT]: onMouseUp: 0
[18:39:40] [Client thread/INFO]: [STDOUT]: onButtonPush
[18:39:40] [Client thread/INFO]: [STDOUT]: onMouseUp: 0
[18:39:40] [Client thread/INFO]: [STDOUT]: onButtonPush
[18:39:40] [Client thread/INFO]: [STDOUT]: onMouseUp: 0
[18:39:40] [Client thread/INFO]: [STDOUT]: onButtonPush
[18:39:40] [Client thread/INFO]: [STDOUT]: onMouseUp: 0
[18:39:40] [Client thread/INFO]: [STDOUT]: onButtonPush
[18:39:40] [Client thread/INFO]: [STDOUT]: onMouseUp: 0
[18:39:40] [Client thread/INFO]: [STDOUT]: onButtonPush
[18:39:40] [Client thread/INFO]: [STDOUT]: onMouseUp: 0
[18:39:40] [Client thread/INFO]: [STDOUT]: onButtonPush
[18:39:41] [Client thread/INFO]: [STDOUT]: onMouseUp: 0
[18:39:41] [Client thread/INFO]: [STDOUT]: onButtonPush
[18:39:41] [Client thread/INFO]: [STDOUT]: onMouseUp: 0
[18:39:41] [Client thread/INFO]: [STDOUT]: onButtonPush
[18:39:41] [Client thread/INFO]: [STDOUT]: onMouseUp: 0
[18:39:41] [Client thread/INFO]: [STDOUT]: onButtonPush
[18:39:42] [Client thread/INFO]: [STDOUT]: onMouseUp: 0
[18:39:42] [Client thread/INFO]: [STDOUT]: onButtonPush
[18:39:42] [Client thread/INFO]: [STDOUT]: onMouseUp: 0
[18:39:42] [Client thread/INFO]: [STDOUT]: onButtonPush
[18:39:42] [Client thread/INFO]: [STDOUT]: onMouseUp: 0
[18:39:42] [Client thread/INFO]: [STDOUT]: onButtonPush
[18:39:42] [Client thread/INFO]: [STDOUT]: onMouseUp: 0
[18:39:42] [Client thread/INFO]: [STDOUT]: onButtonPush
[18:39:42] [Client thread/INFO]: [STDOUT]: onMouseUp: 0
[18:39:42] [Client thread/INFO]: [STDOUT]: onButtonPush
[18:39:43] [Client thread/INFO]: [STDOUT]: onMouseUp: 0
[18:39:43] [Client thread/INFO]: [STDOUT]: onButtonPush
[18:39:43] [Client thread/INFO]: [STDOUT]: onMouseUp: 0
[18:39:43] [Client thread/INFO]: [STDOUT]: onButtonPush
[18:39:43] [Client thread/INFO]: [STDOUT]: onMouseUp: 0
[18:39:43] [Client thread/INFO]: [STDOUT]: onButtonPush
[18:39:43] [Client thread/INFO]: [STDOUT]: onMouseUp: 0
[18:39:43] [Client thread/INFO]: [STDOUT]: onButtonPush
[18:39:45] [Client thread/INFO]: [STDOUT]: onMouseUp: 0
[18:39:45] [Client thread/INFO]: [STDOUT]: onButtonPush
[18:39:45] [Client thread/INFO]: [STDOUT]: Queue Enabled
[18:39:49] [Client thread/INFO]: [STDOUT]: onMouseUp: 0
[18:39:50] [Client thread/INFO]: [STDOUT]: onMouseUp: 0
[18:39:50] [Client thread/INFO]: [STDOUT]: Queue Disabled
[18:39:50] [Client thread/INFO]: [STDOUT]: onMouseUp: 0
[18:39:50] [Client thread/INFO]: [STDOUT]: onButtonPush
[18:39:53] [Client thread/INFO]: [STDOUT]: onMouseUp: 0
[18:39:53] [Client thread/INFO]: [STDOUT]: onButtonPush
[18:39:53] [Client thread/INFO]: [STDOUT]: Queue Enabled
[18:41:00] [Client thread/INFO]: [STDOUT]: onMouseUp: 0
[18:41:19] [Client thread/INFO]: [STDOUT]: onMouseUp: 1
[18:41:19] [Client thread/INFO]: [STDOUT]: onMouseUp: 0
[18:41:19] [Client thread/INFO]: [STDOUT]: Queue Disabled
[18:41:22] [Client thread/INFO]: [STDOUT]: onMouseUp: 0
[18:41:22] [Client thread/INFO]: [STDOUT]: onButtonPush
[18:41:22] [Client thread/INFO]: [STDOUT]: onMouseUp: 0
[18:41:22] [Client thread/INFO]: [STDOUT]: onButtonPush
[18:41:22] [Client thread/INFO]: [STDOUT]: onMouseUp: 0
[18:41:22] [Client thread/INFO]: [STDOUT]: onButtonPush
[18:41:22] [Client thread/INFO]: [STDOUT]: onMouseUp: 0
[18:41:22] [Client thread/INFO]: [STDOUT]: onButtonPush
[18:41:22] [Client thread/INFO]: [STDOUT]: onMouseUp: 0
[18:41:22] [Client thread/INFO]: [STDOUT]: onButtonPush
[18:41:22] [Client thread/INFO]: [STDOUT]: onMouseUp: 0
[18:41:22] [Client thread/INFO]: [STDOUT]: onButtonPush
[18:41:23] [Client thread/INFO]: [STDOUT]: onMouseUp: 0
[18:41:23] [Client thread/INFO]: [STDOUT]: onButtonPush
[18:41:23] [Client thread/INFO]: [STDOUT]: onMouseUp: 0
[18:41:23] [Client thread/INFO]: [STDOUT]: onButtonPush
[18:41:23] [Client thread/INFO]: [STDOUT]: onMouseUp: 0
[18:41:23] [Client thread/INFO]: [STDOUT]: onButtonPush
[18:41:23] [Client thread/INFO]: [STDOUT]: onMouseUp: 0
[18:41:23] [Client thread/INFO]: [STDOUT]: onButtonPush
[18:41:23] [Client thread/INFO]: [STDOUT]: onMouseUp: 0
[18:41:23] [Client thread/INFO]: [STDOUT]: onButtonPush
[18:41:24] [Client thread/INFO]: [STDOUT]: onMouseUp: 0
[18:41:24] [Client thread/INFO]: [STDOUT]: onButtonPush
[18:41:24] [Client thread/INFO]: [STDOUT]: onMouseUp: 0
[18:41:24] [Client thread/INFO]: [STDOUT]: onButtonPush
[18:41:24] [Client thread/INFO]: [STDOUT]: onMouseUp: 0
[18:41:24] [Client thread/INFO]: [STDOUT]: onButtonPush
[18:41:25] [Client thread/INFO]: [STDOUT]: onMouseUp: 0
[18:41:25] [Client thread/INFO]: [STDOUT]: onButtonPush
[18:41:25] [Client thread/INFO]: [STDOUT]: onMouseUp: 0
[18:41:25] [Client thread/INFO]: [STDOUT]: onMouseUp: 0
[18:41:25] [Client thread/INFO]: [STDOUT]: onButtonPush
[18:41:25] [Client thread/INFO]: [STDOUT]: onMouseUp: 0
[18:41:25] [Client thread/INFO]: [STDOUT]: onButtonPush
[18:41:25] [Client thread/INFO]: [STDOUT]: onMouseUp: 0
[18:41:25] [Client thread/INFO]: [STDOUT]: onButtonPush
[18:41:25] [Client thread/INFO]: [STDOUT]: onMouseUp: 0
[18:41:25] [Client thread/INFO]: [STDOUT]: onButtonPush
[18:41:26] [Client thread/INFO]: [STDOUT]: onMouseUp: 0
[18:41:26] [Client thread/INFO]: [STDOUT]: onButtonPush
[18:41:26] [Client thread/INFO]: [STDOUT]: onMouseUp: 0
[18:41:26] [Client thread/INFO]: [STDOUT]: onButtonPush
[18:41:27] [Client thread/INFO]: [STDOUT]: onMouseUp: 0
[18:41:27] [Client thread/INFO]: [STDOUT]: onButtonPush
[18:41:27] [Client thread/INFO]: [STDOUT]: onMouseUp: 0
[18:41:27] [Client thread/INFO]: [STDOUT]: onButtonPush
[18:41:28] [Client thread/INFO]: [STDOUT]: onMouseUp: 0
[18:41:28] [Client thread/INFO]: [STDOUT]: onButtonPush
[18:41:28] [Client thread/INFO]: [STDOUT]: onMouseUp: 0
[18:41:28] [Client thread/INFO]: [STDOUT]: onButtonPush
[18:41:28] [Client thread/INFO]: [STDOUT]: onMouseUp: 0
[18:41:28] [Client thread/INFO]: [STDOUT]: onButtonPush
[18:41:29] [Client thread/INFO]: [STDOUT]: onMouseUp: 0
[18:41:29] [Client thread/INFO]: [STDOUT]: onButtonPush
[18:41:29] [Client thread/INFO]: [STDOUT]: onMouseUp: 0
[18:41:29] [Client thread/INFO]: [STDOUT]: onButtonPush
[18:41:29] [Client thread/INFO]: [STDOUT]: onMouseUp: 0
[18:41:29] [Client thread/INFO]: [STDOUT]: onButtonPush
[18:41:30] [Client thread/INFO]: [STDOUT]: onMouseUp: 0
[18:41:30] [Client thread/INFO]: [STDOUT]: onButtonPush
[18:41:30] [Client thread/INFO]: [STDOUT]: onMouseUp: 0
[18:41:30] [Client thread/INFO]: [STDOUT]: onButtonPush
[18:41:30] [Client thread/INFO]: [STDOUT]: onMouseUp: 0
[18:41:30] [Client thread/INFO]: [STDOUT]: onButtonPush
[18:41:30] [Client thread/INFO]: [STDOUT]: onMouseUp: 0
[18:41:30] [Client thread/INFO]: [STDOUT]: onButtonPush
[18:41:30] [Client thread/INFO]: [STDOUT]: onMouseUp: 0
[18:41:30] [Client thread/INFO]: [STDOUT]: onButtonPush
[18:41:31] [Client thread/INFO]: [STDOUT]: onMouseUp: 0
[18:41:31] [Client thread/INFO]: [STDOUT]: onButtonPush
[18:41:31] [Client thread/INFO]: [STDOUT]: onMouseUp: 0
[18:41:31] [Client thread/INFO]: [STDOUT]: onButtonPush
[18:41:31] [Client thread/INFO]: [STDOUT]: onMouseUp: 0
[18:41:31] [Client thread/INFO]: [STDOUT]: onButtonPush
[18:41:32] [Client thread/INFO]: [STDOUT]: onMouseUp: 0
[18:41:32] [Client thread/INFO]: [STDOUT]: onButtonPush
[18:41:32] [Client thread/INFO]: [STDOUT]: onMouseUp: 0
[18:41:32] [Client thread/INFO]: [STDOUT]: onButtonPush
[18:41:32] [Client thread/INFO]: [STDOUT]: onMouseUp: 0
[18:41:32] [Client thread/INFO]: [STDOUT]: onButtonPush
[18:41:32] [Client thread/INFO]: [STDOUT]: onMouseUp: 0
[18:41:32] [Client thread/INFO]: [STDOUT]: onButtonPush
[18:41:33] [Client thread/INFO]: [STDOUT]: onMouseUp: 0
[18:41:33] [Client thread/INFO]: [STDOUT]: onButtonPush
[18:41:33] [Client thread/INFO]: [STDOUT]: onMouseUp: 0
[18:41:33] [Client thread/INFO]: [STDOUT]: onButtonPush
[18:41:33] [Client thread/INFO]: [STDOUT]: onMouseUp: 0
[18:41:33] [Client thread/INFO]: [STDOUT]: onButtonPush
[18:41:33] [Client thread/INFO]: [STDOUT]: onMouseUp: 0
[18:41:33] [Client thread/INFO]: [STDOUT]: onButtonPush
[18:41:33] [Client thread/INFO]: [STDOUT]: onMouseUp: 0
[18:41:33] [Client thread/INFO]: [STDOUT]: onButtonPush
[18:41:34] [Client thread/INFO]: [STDOUT]: onMouseUp: 0
[18:41:34] [Client thread/INFO]: [STDOUT]: onButtonPush
[18:41:34] [Client thread/INFO]: [STDOUT]: onMouseUp: 0
[18:41:34] [Client thread/INFO]: [STDOUT]: onButtonPush
[18:41:34] [Client thread/INFO]: [STDOUT]: onMouseUp: 0
[18:41:34] [Client thread/INFO]: [STDOUT]: onButtonPush
[18:41:34] [Client thread/INFO]: [STDOUT]: onMouseUp: 0
[18:41:34] [Client thread/INFO]: [STDOUT]: onButtonPush
[18:41:34] [Client thread/INFO]: [STDOUT]: onMouseUp: 0
[18:41:34] [Client thread/INFO]: [STDOUT]: onButtonPush
[18:41:35] [Client thread/INFO]: [STDOUT]: onMouseUp: 0
[18:41:35] [Client thread/INFO]: [STDOUT]: onButtonPush
[18:41:35] [Client thread/INFO]: [STDOUT]: onMouseUp: 0
[18:41:35] [Client thread/INFO]: [STDOUT]: onButtonPush
[18:41:35] [Client thread/INFO]: [STDOUT]: onMouseUp: 0
[18:41:35] [Client thread/INFO]: [STDOUT]: onButtonPush
[18:41:35] [Client thread/INFO]: [STDOUT]: onMouseUp: 0
[18:41:35] [Client thread/INFO]: [STDOUT]: onButtonPush
[18:41:35] [Client thread/INFO]: [STDOUT]: onMouseUp: 0
[18:41:35] [Client thread/INFO]: [STDOUT]: onButtonPush
[18:41:36] [Client thread/INFO]: [STDOUT]: onMouseUp: 0
[18:41:36] [Client thread/INFO]: [STDOUT]: onButtonPush
[18:41:36] [Client thread/INFO]: [STDOUT]: onMouseUp: 0
[18:41:36] [Client thread/INFO]: [STDOUT]: onButtonPush
[18:41:36] [Client thread/INFO]: [STDOUT]: onMouseUp: 0
[18:41:36] [Client thread/INFO]: [STDOUT]: onButtonPush
[18:41:36] [Client thread/INFO]: [STDOUT]: onMouseUp: 0
[18:41:36] [Client thread/INFO]: [STDOUT]: onButtonPush
[18:41:36] [Client thread/INFO]: [STDOUT]: onMouseUp: 0
[18:41:36] [Client thread/INFO]: [STDOUT]: onButtonPush
[18:41:36] [Client thread/INFO]: [STDOUT]: onMouseUp: 0
[18:41:36] [Client thread/INFO]: [STDOUT]: onButtonPush
[18:41:36] [Client thread/INFO]: [STDOUT]: onMouseUp: 0
[18:41:36] [Client thread/INFO]: [STDOUT]: onButtonPush
[18:41:36] [Client thread/INFO]: [STDOUT]: onMouseUp: 0
[18:41:36] [Client thread/INFO]: [STDOUT]: onMouseUp: 0
[18:41:36] [Client thread/INFO]: [STDOUT]: onButtonPush
[18:41:40] [Client thread/INFO]: [STDOUT]: onMouseUp: 0
[18:41:40] [Client thread/INFO]: [STDOUT]: onButtonPush
[18:41:40] [Client thread/INFO]: [STDOUT]: onMouseUp: 0
[18:41:40] [Client thread/INFO]: [STDOUT]: onMouseUp: 0
[18:41:40] [Client thread/INFO]: [STDOUT]: Queue Enabled
[18:41:40] [Server thread/INFO]: <Player10> 31-?!.-!--2-.+lwxnmvvvvvmlllllllllljjaaaaaaaaaaajjaaaabbcdlo-=wp
[18:41:40] [Client thread/INFO]: [CHAT] <Player10> 31-?!.-!--2-.+lwxnmvvvvvmlllllllllljjaaaaaaaaaaajjaaaabbcdlo-=wp
[18:41:42] [Client thread/INFO]: [STDOUT]: Queue Disabled
[18:41:43] [Client thread/INFO]: [STDOUT]: Queue Enabled
[18:41:44] [Client thread/INFO]: [STDOUT]: Queue Disabled
[18:41:44] [Server thread/INFO]: Saving and pausing game...
[18:41:44] [Server thread/INFO]: Saving chunks for level 'New World'/Overworld
[18:41:44] [Server thread/INFO]: Saving chunks for level 'New World'/Nether
[18:41:44] [Server thread/INFO]: Saving chunks for level 'New World'/The End
[18:41:45] [Server thread/INFO]: Stopping server
[18:41:45] [Server thread/INFO]: Saving players
[18:41:45] [Server thread/INFO]: Player10 lost connection: TextComponent{text='Disconnected', siblings=[], style=Style{hasParent=false, color=null, bold=null, italic=null, underlined=null, obfuscated=null, clickEvent=null, hoverEvent=null, insertion=null}}
[18:41:45] [Server thread/INFO]: Player10 left the game
[18:41:45] [Server thread/INFO]: Stopping singleplayer server as player logged out
[18:41:45] [Server thread/INFO]: Saving worlds
[18:41:45] [Server thread/INFO]: Saving chunks for level 'New World'/Overworld
[18:41:45] [Server thread/INFO]: Saving chunks for level 'New World'/Nether
[18:41:45] [Server thread/INFO]: Saving chunks for level 'New World'/The End
[18:41:47] [Client thread/INFO]: Stopping!
[18:41:47] [Client thread/INFO]: SoundSystem shutting down...
[18:41:47] [Client thread/WARN]: Author: Paul Lamb, www.paulscode.com
